<?xml version="1.0" encoding="UTF-8"?>
<coverage generated="1565599915835" clover="3.2.0">
  <project timestamp="1565599915835" name="All files">
    <metrics statements="79" coveredstatements="79" conditionals="36" coveredconditionals="36" methods="28" coveredmethods="28" elements="143" coveredelements="143" complexity="0" loc="79" ncloc="79" packages="1" files="4" classes="4"/>
    <file name="constants.ts" path="/home/sanchezi/Documentos/sqp/simple-query-params/src/constants.ts">
      <metrics statements="6" coveredstatements="6" conditionals="0" coveredconditionals="0" methods="0" coveredmethods="0"/>
      <line num="1" count="3" type="stmt"/>
      <line num="2" count="3" type="stmt"/>
      <line num="3" count="3" type="stmt"/>
      <line num="6" count="3" type="stmt"/>
      <line num="7" count="3" type="stmt"/>
      <line num="8" count="3" type="stmt"/>
    </file>
    <file name="query-params.ts" path="/home/sanchezi/Documentos/sqp/simple-query-params/src/query-params.ts">
      <metrics statements="26" coveredstatements="26" conditionals="14" coveredconditionals="14" methods="11" coveredmethods="11"/>
      <line num="1" count="2" type="stmt"/>
      <line num="6" count="2" type="stmt"/>
      <line num="12" count="33" type="stmt"/>
      <line num="13" count="31" type="stmt"/>
      <line num="14" count="31" type="stmt"/>
      <line num="16" count="31" type="cond" truecount="2" falsecount="0"/>
      <line num="17" count="12" type="stmt"/>
      <line num="18" count="19" type="cond" truecount="2" falsecount="0"/>
      <line num="19" count="9" type="stmt"/>
      <line num="21" count="10" type="stmt"/>
      <line num="22" count="5" type="cond" truecount="2" falsecount="0"/>
      <line num="23" count="45" type="stmt"/>
      <line num="28" count="13" type="stmt"/>
      <line num="32" count="7" type="stmt"/>
      <line num="36" count="10" type="stmt"/>
      <line num="40" count="4" type="stmt"/>
      <line num="44" count="5" type="stmt"/>
      <line num="48" count="6" type="stmt"/>
      <line num="52" count="7" type="stmt"/>
      <line num="56" count="10" type="stmt"/>
      <line num="57" count="9" type="stmt"/>
      <line num="58" count="9" type="cond" truecount="4" falsecount="0"/>
      <line num="59" count="5" type="stmt"/>
      <line num="61" count="4" type="stmt"/>
      <line num="62" count="4" type="cond" truecount="2" falsecount="0"/>
      <line num="63" count="4" type="stmt"/>
    </file>
    <file name="url.ts" path="/home/sanchezi/Documentos/sqp/simple-query-params/src/url.ts">
      <metrics statements="26" coveredstatements="26" conditionals="6" coveredconditionals="6" methods="15" coveredmethods="15"/>
      <line num="1" count="1" type="stmt"/>
      <line num="2" count="1" type="stmt"/>
      <line num="4" count="1" type="stmt"/>
      <line num="10" count="9" type="stmt"/>
      <line num="11" count="9" type="stmt"/>
      <line num="15" count="2" type="stmt"/>
      <line num="19" count="3" type="stmt"/>
      <line num="20" count="9" type="stmt"/>
      <line num="25" count="1" type="stmt"/>
      <line num="29" count="1" type="stmt"/>
      <line num="33" count="1" type="stmt"/>
      <line num="41" count="5" type="stmt"/>
      <line num="42" count="3" type="cond" truecount="2" falsecount="0"/>
      <line num="43" count="2" type="stmt"/>
      <line num="45" count="1" type="stmt"/>
      <line num="47" count="3" type="stmt"/>
      <line num="51" count="1" type="stmt"/>
      <line num="55" count="9" type="stmt"/>
      <line num="56" count="9" type="stmt"/>
      <line num="57" count="9" type="stmt"/>
      <line num="64" count="9" type="stmt"/>
      <line num="65" count="9" type="stmt"/>
      <line num="71" count="8" type="stmt"/>
      <line num="72" count="8" type="stmt"/>
      <line num="73" count="24" type="stmt"/>
      <line num="74" count="24" type="stmt"/>
    </file>
    <file name="utils.ts" path="/home/sanchezi/Documentos/sqp/simple-query-params/src/utils.ts">
      <metrics statements="21" coveredstatements="21" conditionals="16" coveredconditionals="16" methods="2" coveredmethods="2"/>
      <line num="2" count="3" type="stmt"/>
      <line num="4" count="3" type="stmt"/>
      <line num="5" count="17" type="cond" truecount="2" falsecount="0"/>
      <line num="6" count="5" type="stmt"/>
      <line num="7" count="12" type="cond" truecount="2" falsecount="0"/>
      <line num="8" count="5" type="stmt"/>
      <line num="9" count="7" type="cond" truecount="2" falsecount="0"/>
      <line num="10" count="6" type="stmt"/>
      <line num="12" count="1" type="stmt"/>
      <line num="18" count="3" type="stmt"/>
      <line num="19" count="48" type="cond" truecount="2" falsecount="0"/>
      <line num="20" count="35" type="cond" truecount="2" falsecount="0"/>
      <line num="21" count="11" type="stmt"/>
      <line num="22" count="24" type="cond" truecount="2" falsecount="0"/>
      <line num="23" count="8" type="stmt"/>
      <line num="25" count="16" type="stmt"/>
      <line num="26" count="13" type="cond" truecount="2" falsecount="0"/>
      <line num="27" count="4" type="stmt"/>
      <line num="29" count="9" type="cond" truecount="2" falsecount="0"/>
      <line num="30" count="5" type="stmt"/>
      <line num="33" count="4" type="stmt"/>
    </file>
  </project>
</coverage>
