{"/home/sanchezi/Documentos/sqp/simple-query-params/src/constants.ts": {"path":"/home/sanchezi/Documentos/sqp/simple-query-params/src/constants.ts","statementMap":{"0":{"start":{"line":1,"column":24},"end":{"line":1,"column":27}},"1":{"start":{"line":6,"column":2},"end":{"line":6,"column":17}},"2":{"start":{"line":2,"column":30},"end":{"line":2,"column":33}},"3":{"start":{"line":7,"column":2},"end":{"line":7,"column":23}},"4":{"start":{"line":3,"column":35},"end":{"line":3,"column":38}},"5":{"start":{"line":8,"column":2},"end":{"line":8,"column":28}}},"fnMap":{},"branchMap":{},"s":{"0":3,"1":3,"2":3,"3":3,"4":3,"5":3},"f":{},"b":{}}
,"/home/sanchezi/Documentos/sqp/simple-query-params/src/query-params.ts": {"path":"/home/sanchezi/Documentos/sqp/simple-query-params/src/query-params.ts","statementMap":{"0":{"start":{"line":1,"column":0},"end":{"line":1,"column":60}},"1":{"start":{"line":12,"column":27},"end":{"line":12,"column":51}},"2":{"start":{"line":13,"column":4},"end":{"line":13,"column":22}},"3":{"start":{"line":14,"column":4},"end":{"line":14,"column":32}},"4":{"start":{"line":16,"column":4},"end":{"line":24,"column":null}},"5":{"start":{"line":17,"column":6},"end":{"line":17,"column":26}},"6":{"start":{"line":18,"column":11},"end":{"line":24,"column":null}},"7":{"start":{"line":19,"column":6},"end":{"line":19,"column":34}},"8":{"start":{"line":21,"column":6},"end":{"line":23,"column":58}},"9":{"start":{"line":22,"column":25},"end":{"line":22,"column":33}},"10":{"start":{"line":23,"column":48},"end":{"line":23,"column":56}},"11":{"start":{"line":28,"column":4},"end":{"line":28,"column":58}},"12":{"start":{"line":32,"column":4},"end":{"line":32,"column":23}},"13":{"start":{"line":36,"column":4},"end":{"line":36,"column":22}},"14":{"start":{"line":40,"column":4},"end":{"line":40,"column":22}},"15":{"start":{"line":44,"column":4},"end":{"line":44,"column":35}},"16":{"start":{"line":48,"column":4},"end":{"line":48,"column":35}},"17":{"start":{"line":52,"column":4},"end":{"line":52,"column":34}},"18":{"start":{"line":56,"column":27},"end":{"line":56,"column":51}},"19":{"start":{"line":57,"column":4},"end":{"line":57,"column":32}},"20":{"start":{"line":58,"column":4},"end":{"line":67,"column":null}},"21":{"start":{"line":59,"column":6},"end":{"line":59,"column":26}},"22":{"start":{"line":61,"column":27},"end":{"line":61,"column":47}},"23":{"start":{"line":62,"column":26},"end":{"line":62,"column":64}},"24":{"start":{"line":63,"column":6},"end":{"line":66,"column":18}},"25":{"start":{"line":6,"column":0},"end":{"line":6,"column":13}}},"fnMap":{"0":{"name":"(anonymous_0)","decl":{"start":{"line":11,"column":2},"end":{"line":11,"column":14}},"loc":{"start":{"line":11,"column":49},"end":{"line":25,"column":3}}},"1":{"name":"(anonymous_1)","decl":{"start":{"line":22,"column":20},"end":{"line":22,"column":21}},"loc":{"start":{"line":22,"column":25},"end":{"line":22,"column":33}}},"2":{"name":"(anonymous_2)","decl":{"start":{"line":23,"column":43},"end":{"line":23,"column":44}},"loc":{"start":{"line":23,"column":48},"end":{"line":23,"column":56}}},"3":{"name":"(anonymous_3)","decl":{"start":{"line":27,"column":2},"end":{"line":27,"column":6}},"loc":{"start":{"line":27,"column":17},"end":{"line":29,"column":3}}},"4":{"name":"(anonymous_4)","decl":{"start":{"line":31,"column":2},"end":{"line":31,"column":6}},"loc":{"start":{"line":31,"column":11},"end":{"line":33,"column":3}}},"5":{"name":"(anonymous_5)","decl":{"start":{"line":35,"column":2},"end":{"line":35,"column":6}},"loc":{"start":{"line":35,"column":10},"end":{"line":37,"column":3}}},"6":{"name":"(anonymous_6)","decl":{"start":{"line":39,"column":2},"end":{"line":39,"column":6}},"loc":{"start":{"line":39,"column":10},"end":{"line":41,"column":3}}},"7":{"name":"(anonymous_7)","decl":{"start":{"line":43,"column":2},"end":{"line":43,"column":6}},"loc":{"start":{"line":43,"column":14},"end":{"line":45,"column":3}}},"8":{"name":"(anonymous_8)","decl":{"start":{"line":47,"column":2},"end":{"line":47,"column":6}},"loc":{"start":{"line":47,"column":14},"end":{"line":49,"column":3}}},"9":{"name":"(anonymous_9)","decl":{"start":{"line":51,"column":2},"end":{"line":51,"column":6}},"loc":{"start":{"line":51,"column":13},"end":{"line":53,"column":3}}},"10":{"name":"(anonymous_10)","decl":{"start":{"line":55,"column":9},"end":{"line":55,"column":17}},"loc":{"start":{"line":55,"column":68},"end":{"line":68,"column":3}}}},"branchMap":{"0":{"loc":{"start":{"line":16,"column":4},"end":{"line":24,"column":null}},"type":"if","locations":[{"start":{"line":16,"column":4},"end":{"line":24,"column":null}},{"start":{"line":16,"column":4},"end":{"line":24,"column":null}}]},"1":{"loc":{"start":{"line":18,"column":11},"end":{"line":24,"column":null}},"type":"if","locations":[{"start":{"line":18,"column":11},"end":{"line":24,"column":null}},{"start":{"line":18,"column":11},"end":{"line":24,"column":null}}]},"2":{"loc":{"start":{"line":22,"column":10},"end":{"line":22,"column":34}},"type":"cond-expr","locations":[{"start":{"line":22,"column":10},"end":{"line":22,"column":34}},{"start":{"line":23,"column":11},"end":{"line":23,"column":57}}]},"3":{"loc":{"start":{"line":58,"column":4},"end":{"line":67,"column":null}},"type":"if","locations":[{"start":{"line":58,"column":4},"end":{"line":67,"column":null}},{"start":{"line":58,"column":4},"end":{"line":67,"column":null}}]},"4":{"loc":{"start":{"line":58,"column":8},"end":{"line":58,"column":31}},"type":"binary-expr","locations":[{"start":{"line":58,"column":8},"end":{"line":58,"column":31}},{"start":{"line":58,"column":35},"end":{"line":58,"column":58}}]},"5":{"loc":{"start":{"line":62,"column":41},"end":{"line":62,"column":48}},"type":"cond-expr","locations":[{"start":{"line":62,"column":41},"end":{"line":62,"column":48}},{"start":{"line":62,"column":52},"end":{"line":62,"column":64}}]},"6":{"loc":{"start":{"line":65,"column":13},"end":{"line":65,"column":63}},"type":"cond-expr","locations":[{"start":{"line":65,"column":13},"end":{"line":65,"column":63}},{"start":{"line":66,"column":12},"end":{"line":66,"column":17}}]}},"s":{"0":2,"1":33,"2":31,"3":31,"4":31,"5":12,"6":19,"7":9,"8":10,"9":5,"10":45,"11":13,"12":7,"13":10,"14":4,"15":5,"16":6,"17":7,"18":10,"19":9,"20":9,"21":5,"22":4,"23":4,"24":4,"25":2},"f":{"0":33,"1":5,"2":45,"3":13,"4":7,"5":10,"6":4,"7":5,"8":6,"9":7,"10":10},"b":{"0":[12,19],"1":[9,10],"2":[1,9],"3":[5,4],"4":[9,7],"5":[3,1],"6":[1,3]}}
,"/home/sanchezi/Documentos/sqp/simple-query-params/src/url.ts": {"path":"/home/sanchezi/Documentos/sqp/simple-query-params/src/url.ts","statementMap":{"0":{"start":{"line":1,"column":0},"end":{"line":1,"column":60}},"1":{"start":{"line":2,"column":0},"end":{"line":2,"column":69}},"2":{"start":{"line":10,"column":4},"end":{"line":10,"column":28}},"3":{"start":{"line":11,"column":4},"end":{"line":11,"column":26}},"4":{"start":{"line":15,"column":4},"end":{"line":15,"column":60}},"5":{"start":{"line":19,"column":4},"end":{"line":21,"column":35}},"6":{"start":{"line":20,"column":34},"end":{"line":20,"column":51}},"7":{"start":{"line":25,"column":4},"end":{"line":25,"column":25}},"8":{"start":{"line":29,"column":4},"end":{"line":29,"column":26}},"9":{"start":{"line":33,"column":4},"end":{"line":33,"column":29}},"10":{"start":{"line":41,"column":18},"end":{"line":41,"column":71}},"11":{"start":{"line":41,"column":55},"end":{"line":41,"column":70}},"12":{"start":{"line":42,"column":4},"end":{"line":46,"column":null}},"13":{"start":{"line":43,"column":6},"end":{"line":43,"column":34}},"14":{"start":{"line":45,"column":6},"end":{"line":45,"column":70}},"15":{"start":{"line":47,"column":4},"end":{"line":47,"column":16}},"16":{"start":{"line":51,"column":4},"end":{"line":51,"column":65}},"17":{"start":{"line":51,"column":48},"end":{"line":51,"column":63}},"18":{"start":{"line":55,"column":33},"end":{"line":55,"column":59}},"19":{"start":{"line":56,"column":4},"end":{"line":56,"column":28}},"20":{"start":{"line":57,"column":4},"end":{"line":60,"column":30}},"21":{"start":{"line":64,"column":21},"end":{"line":64,"column":47}},"22":{"start":{"line":65,"column":4},"end":{"line":67,"column":26}},"23":{"start":{"line":71,"column":23},"end":{"line":71,"column":61}},"24":{"start":{"line":72,"column":4},"end":{"line":75,"column":7}},"25":{"start":{"line":73,"column":28},"end":{"line":73,"column":44}},"26":{"start":{"line":74,"column":6},"end":{"line":74,"column":41}},"27":{"start":{"line":4,"column":0},"end":{"line":4,"column":13}}},"fnMap":{"0":{"name":"(anonymous_0)","decl":{"start":{"line":9,"column":2},"end":{"line":9,"column":14}},"loc":{"start":{"line":9,"column":25},"end":{"line":12,"column":3}}},"1":{"name":"(anonymous_1)","decl":{"start":{"line":14,"column":2},"end":{"line":14,"column":6}},"loc":{"start":{"line":14,"column":14},"end":{"line":16,"column":3}}},"2":{"name":"(anonymous_2)","decl":{"start":{"line":18,"column":2},"end":{"line":18,"column":6}},"loc":{"start":{"line":18,"column":10},"end":{"line":22,"column":3}}},"3":{"name":"(anonymous_3)","decl":{"start":{"line":20,"column":11},"end":{"line":20,"column":12}},"loc":{"start":{"line":20,"column":34},"end":{"line":20,"column":51}}},"4":{"name":"(anonymous_4)","decl":{"start":{"line":24,"column":2},"end":{"line":24,"column":6}},"loc":{"start":{"line":24,"column":13},"end":{"line":26,"column":3}}},"5":{"name":"(anonymous_5)","decl":{"start":{"line":28,"column":2},"end":{"line":28,"column":6}},"loc":{"start":{"line":28,"column":27},"end":{"line":30,"column":3}}},"6":{"name":"(anonymous_6)","decl":{"start":{"line":32,"column":2},"end":{"line":32,"column":6}},"loc":{"start":{"line":32,"column":17},"end":{"line":34,"column":3}}},"7":{"name":"(anonymous_7)","decl":{"start":{"line":36,"column":9},"end":{"line":36,"column":17}},"loc":{"start":{"line":39,"column":31},"end":{"line":48,"column":3}}},"8":{"name":"(anonymous_8)","decl":{"start":{"line":41,"column":36},"end":{"line":41,"column":37}},"loc":{"start":{"line":41,"column":55},"end":{"line":41,"column":70}}},"9":{"name":"(anonymous_9)","decl":{"start":{"line":50,"column":9},"end":{"line":50,"column":17}},"loc":{"start":{"line":50,"column":30},"end":{"line":52,"column":3}}},"10":{"name":"(anonymous_10)","decl":{"start":{"line":51,"column":29},"end":{"line":51,"column":30}},"loc":{"start":{"line":51,"column":48},"end":{"line":51,"column":63}}},"11":{"name":"(anonymous_11)","decl":{"start":{"line":54,"column":10},"end":{"line":54,"column":21}},"loc":{"start":{"line":54,"column":33},"end":{"line":61,"column":3}}},"12":{"name":"(anonymous_12)","decl":{"start":{"line":63,"column":10},"end":{"line":63,"column":26}},"loc":{"start":{"line":63,"column":38},"end":{"line":68,"column":3}}},"13":{"name":"(anonymous_13)","decl":{"start":{"line":70,"column":10},"end":{"line":70,"column":29}},"loc":{"start":{"line":70,"column":47},"end":{"line":76,"column":3}}},"14":{"name":"(anonymous_14)","decl":{"start":{"line":72,"column":26},"end":{"line":72,"column":27}},"loc":{"start":{"line":72,"column":44},"end":{"line":75,"column":5}}}},"branchMap":{"0":{"loc":{"start":{"line":42,"column":4},"end":{"line":46,"column":null}},"type":"if","locations":[{"start":{"line":42,"column":4},"end":{"line":46,"column":null}},{"start":{"line":42,"column":4},"end":{"line":46,"column":null}}]},"1":{"loc":{"start":{"line":59,"column":11},"end":{"line":59,"column":61}},"type":"cond-expr","locations":[{"start":{"line":59,"column":11},"end":{"line":59,"column":61}},{"start":{"line":60,"column":11},"end":{"line":60,"column":28}}]},"2":{"loc":{"start":{"line":66,"column":8},"end":{"line":66,"column":34}},"type":"cond-expr","locations":[{"start":{"line":66,"column":8},"end":{"line":66,"column":34}},{"start":{"line":67,"column":8},"end":{"line":67,"column":25}}]}},"s":{"0":1,"1":1,"2":9,"3":9,"4":2,"5":3,"6":9,"7":1,"8":1,"9":1,"10":3,"11":5,"12":3,"13":2,"14":1,"15":3,"16":1,"17":1,"18":9,"19":9,"20":9,"21":9,"22":9,"23":8,"24":8,"25":24,"26":24,"27":1},"f":{"0":9,"1":2,"2":3,"3":9,"4":1,"5":1,"6":1,"7":3,"8":5,"9":1,"10":1,"11":9,"12":9,"13":8,"14":24},"b":{"0":[2,1],"1":[8,1],"2":[8,1]}}
,"/home/sanchezi/Documentos/sqp/simple-query-params/src/utils.ts": {"path":"/home/sanchezi/Documentos/sqp/simple-query-params/src/utils.ts","statementMap":{"0":{"start":{"line":2,"column":0},"end":{"line":2,"column":57}},"1":{"start":{"line":4,"column":13},"end":{"line":16,"column":2}},"2":{"start":{"line":5,"column":2},"end":{"line":15,"column":null}},"3":{"start":{"line":6,"column":4},"end":{"line":6,"column":17}},"4":{"start":{"line":7,"column":9},"end":{"line":15,"column":null}},"5":{"start":{"line":8,"column":4},"end":{"line":8,"column":28}},"6":{"start":{"line":9,"column":9},"end":{"line":15,"column":null}},"7":{"start":{"line":10,"column":4},"end":{"line":10,"column":50}},"8":{"start":{"line":12,"column":4},"end":{"line":14,"column":6}},"9":{"start":{"line":18,"column":13},"end":{"line":36,"column":2}},"10":{"start":{"line":19,"column":2},"end":{"line":32,"column":null}},"11":{"start":{"line":20,"column":4},"end":{"line":24,"column":null}},"12":{"start":{"line":21,"column":6},"end":{"line":21,"column":21}},"13":{"start":{"line":22,"column":11},"end":{"line":24,"column":null}},"14":{"start":{"line":23,"column":6},"end":{"line":23,"column":22}},"15":{"start":{"line":25,"column":4},"end":{"line":25,"column":20}},"16":{"start":{"line":26,"column":9},"end":{"line":32,"column":null}},"17":{"start":{"line":27,"column":4},"end":{"line":27,"column":20}},"18":{"start":{"line":29,"column":4},"end":{"line":31,"column":null}},"19":{"start":{"line":30,"column":6},"end":{"line":30,"column":21}},"20":{"start":{"line":33,"column":2},"end":{"line":35,"column":4}}},"fnMap":{"0":{"name":"(anonymous_0)","decl":{"start":{"line":4,"column":30},"end":{"line":4,"column":31}},"loc":{"start":{"line":4,"column":56},"end":{"line":16,"column":1}}},"1":{"name":"(anonymous_1)","decl":{"start":{"line":18,"column":33},"end":{"line":18,"column":34}},"loc":{"start":{"line":18,"column":78},"end":{"line":36,"column":1}}}},"branchMap":{"0":{"loc":{"start":{"line":5,"column":2},"end":{"line":15,"column":null}},"type":"if","locations":[{"start":{"line":5,"column":2},"end":{"line":15,"column":null}},{"start":{"line":5,"column":2},"end":{"line":15,"column":null}}]},"1":{"loc":{"start":{"line":7,"column":9},"end":{"line":15,"column":null}},"type":"if","locations":[{"start":{"line":7,"column":9},"end":{"line":15,"column":null}},{"start":{"line":7,"column":9},"end":{"line":15,"column":null}}]},"2":{"loc":{"start":{"line":9,"column":9},"end":{"line":15,"column":null}},"type":"if","locations":[{"start":{"line":9,"column":9},"end":{"line":15,"column":null}},{"start":{"line":9,"column":9},"end":{"line":15,"column":null}}]},"3":{"loc":{"start":{"line":19,"column":2},"end":{"line":32,"column":null}},"type":"if","locations":[{"start":{"line":19,"column":2},"end":{"line":32,"column":null}},{"start":{"line":19,"column":2},"end":{"line":32,"column":null}}]},"4":{"loc":{"start":{"line":20,"column":4},"end":{"line":24,"column":null}},"type":"if","locations":[{"start":{"line":20,"column":4},"end":{"line":24,"column":null}},{"start":{"line":20,"column":4},"end":{"line":24,"column":null}}]},"5":{"loc":{"start":{"line":22,"column":11},"end":{"line":24,"column":null}},"type":"if","locations":[{"start":{"line":22,"column":11},"end":{"line":24,"column":null}},{"start":{"line":22,"column":11},"end":{"line":24,"column":null}}]},"6":{"loc":{"start":{"line":26,"column":9},"end":{"line":32,"column":null}},"type":"if","locations":[{"start":{"line":26,"column":9},"end":{"line":32,"column":null}},{"start":{"line":26,"column":9},"end":{"line":32,"column":null}}]},"7":{"loc":{"start":{"line":29,"column":4},"end":{"line":31,"column":null}},"type":"if","locations":[{"start":{"line":29,"column":4},"end":{"line":31,"column":null}},{"start":{"line":29,"column":4},"end":{"line":31,"column":null}}]}},"s":{"0":3,"1":3,"2":17,"3":5,"4":12,"5":5,"6":7,"7":6,"8":1,"9":3,"10":48,"11":35,"12":11,"13":24,"14":8,"15":16,"16":13,"17":4,"18":9,"19":5,"20":4},"f":{"0":17,"1":48},"b":{"0":[5,12],"1":[5,7],"2":[6,1],"3":[35,13],"4":[11,24],"5":[8,16],"6":[4,9],"7":[5,4]}}
}
