TN:
SF:/home/sanchezi/Documentos/sqp/simple-query-params/src/constants.ts
FNF:0
FNH:0
DA:1,3
DA:2,3
DA:3,3
DA:6,3
DA:7,3
DA:8,3
LF:6
LH:6
BRF:0
BRH:0
end_of_record
TN:
SF:/home/sanchezi/Documentos/sqp/simple-query-params/src/query-params.ts
FN:11,(anonymous_0)
FN:22,(anonymous_1)
FN:23,(anonymous_2)
FN:27,(anonymous_3)
FN:31,(anonymous_4)
FN:35,(anonymous_5)
FN:39,(anonymous_6)
FN:43,(anonymous_7)
FN:47,(anonymous_8)
FN:51,(anonymous_9)
FN:55,(anonymous_10)
FNF:11
FNH:11
FNDA:33,(anonymous_0)
FNDA:5,(anonymous_1)
FNDA:45,(anonymous_2)
FNDA:13,(anonymous_3)
FNDA:7,(anonymous_4)
FNDA:10,(anonymous_5)
FNDA:4,(anonymous_6)
FNDA:5,(anonymous_7)
FNDA:6,(anonymous_8)
FNDA:7,(anonymous_9)
FNDA:10,(anonymous_10)
DA:1,2
DA:6,2
DA:12,33
DA:13,31
DA:14,31
DA:16,31
DA:17,12
DA:18,19
DA:19,9
DA:21,10
DA:22,5
DA:23,45
DA:28,13
DA:32,7
DA:36,10
DA:40,4
DA:44,5
DA:48,6
DA:52,7
DA:56,10
DA:57,9
DA:58,9
DA:59,5
DA:61,4
DA:62,4
DA:63,4
LF:26
LH:26
BRDA:16,0,0,12
BRDA:16,0,1,19
BRDA:18,1,0,9
BRDA:18,1,1,10
BRDA:22,2,0,1
BRDA:22,2,1,9
BRDA:58,3,0,5
BRDA:58,3,1,4
BRDA:58,4,0,9
BRDA:58,4,1,7
BRDA:62,5,0,3
BRDA:62,5,1,1
BRDA:65,6,0,1
BRDA:65,6,1,3
BRF:14
BRH:14
end_of_record
TN:
SF:/home/sanchezi/Documentos/sqp/simple-query-params/src/url.ts
FN:9,(anonymous_0)
FN:14,(anonymous_1)
FN:18,(anonymous_2)
FN:20,(anonymous_3)
FN:24,(anonymous_4)
FN:28,(anonymous_5)
FN:32,(anonymous_6)
FN:36,(anonymous_7)
FN:41,(anonymous_8)
FN:50,(anonymous_9)
FN:51,(anonymous_10)
FN:54,(anonymous_11)
FN:63,(anonymous_12)
FN:70,(anonymous_13)
FN:72,(anonymous_14)
FNF:15
FNH:15
FNDA:9,(anonymous_0)
FNDA:2,(anonymous_1)
FNDA:3,(anonymous_2)
FNDA:9,(anonymous_3)
FNDA:1,(anonymous_4)
FNDA:1,(anonymous_5)
FNDA:1,(anonymous_6)
FNDA:3,(anonymous_7)
FNDA:5,(anonymous_8)
FNDA:1,(anonymous_9)
FNDA:1,(anonymous_10)
FNDA:9,(anonymous_11)
FNDA:9,(anonymous_12)
FNDA:8,(anonymous_13)
FNDA:24,(anonymous_14)
DA:1,1
DA:2,1
DA:4,1
DA:10,9
DA:11,9
DA:15,2
DA:19,3
DA:20,9
DA:25,1
DA:29,1
DA:33,1
DA:41,5
DA:42,3
DA:43,2
DA:45,1
DA:47,3
DA:51,1
DA:55,9
DA:56,9
DA:57,9
DA:64,9
DA:65,9
DA:71,8
DA:72,8
DA:73,24
DA:74,24
LF:26
LH:26
BRDA:42,0,0,2
BRDA:42,0,1,1
BRDA:59,1,0,8
BRDA:59,1,1,1
BRDA:66,2,0,8
BRDA:66,2,1,1
BRF:6
BRH:6
end_of_record
TN:
SF:/home/sanchezi/Documentos/sqp/simple-query-params/src/utils.ts
FN:4,(anonymous_0)
FN:18,(anonymous_1)
FNF:2
FNH:2
FNDA:17,(anonymous_0)
FNDA:48,(anonymous_1)
DA:2,3
DA:4,3
DA:5,17
DA:6,5
DA:7,12
DA:8,5
DA:9,7
DA:10,6
DA:12,1
DA:18,3
DA:19,48
DA:20,35
DA:21,11
DA:22,24
DA:23,8
DA:25,16
DA:26,13
DA:27,4
DA:29,9
DA:30,5
DA:33,4
LF:21
LH:21
BRDA:5,0,0,5
BRDA:5,0,1,12
BRDA:7,1,0,5
BRDA:7,1,1,7
BRDA:9,2,0,6
BRDA:9,2,1,1
BRDA:19,3,0,35
BRDA:19,3,1,13
BRDA:20,4,0,11
BRDA:20,4,1,24
BRDA:22,5,0,8
BRDA:22,5,1,16
BRDA:26,6,0,4
BRDA:26,6,1,9
BRDA:29,7,0,5
BRDA:29,7,1,4
BRF:16
BRH:16
end_of_record
